<?xml version="1.0" encoding="UTF-8"?>
<testsuite name="ReminderTest" tests="3" skipped="0" failures="0" errors="0" timestamp="2026-05-08T10:08:53" hostname="MASTUDENT-Christian-Poed-C17G44MJQ6L4.local" time="0.017">
  <properties/>
  <testcase name="starts with no task to remind()" classname="ReminderTest" time="0.011"/>
  <testcase name="starts with a name()" classname="ReminderTest" time="0.001"/>
  <testcase name="returns the reminder message()" classname="ReminderTest" time="0.004"/>
  <system-out><![CDATA[Fit the hose, Chris
]]></system-out>
  <system-err><![CDATA[]]></system-err>
</testsuite>
